Flutter crash report; please file at https://github.com/flutter/flutter/issues.

## command

flutter build bundle --suppress-analytics --target /home/diego/development/pipegrid/app/lib/main.dart --filesystem-scheme org-dartlang-root --depfile /home/diego/development/pipegrid/app/build/app/intermediates/flutter/debug/snapshot_blob.bin.d --asset-dir /home/diego/development/pipegrid/app/build/app/intermediates/flutter/debug/flutter_assets --debug

## exception

FileSystemException: FileSystemException: Cannot open file, path = '/home/diego/development/flutter/bin/cache/downloads/storage.googleapis.com/flutter_infra/flutter/58a1894a1cd798de2f9a206f157a90d45944028b/android-arm64-dynamic-profile/artifacts.zip' (OS Error: No such file or directory, errno = 2)

```
#0      _File.throwIfError (dart:io/file_impl.dart:647:7)
#1      _File.openSync (dart:io/file_impl.dart:491:5)
#2      _File.writeAsBytesSync (dart:io/file_impl.dart:616:31)
#3      _LocalFile&LocalFileSystemEntity&ForwardingFile.writeAsBytesSync (package:file/src/forwarding/forwarding_file.dart:124:16)
#4      _downloadFile (package:flutter_tools/src/cache.dart:571:12)
<asynchronous suspension>
#5      CachedArtifact._downloadArchive.<anonymous closure> (package:flutter_tools/src/cache.dart:293:17)
<asynchronous suspension>
#6      CachedArtifact._withDownloadFile (package:flutter_tools/src/cache.dart:322:26)
<asynchronous suspension>
#7      CachedArtifact._downloadArchive (package:flutter_tools/src/cache.dart:289:12)
#8      CachedArtifact._downloadZipArchive (package:flutter_tools/src/cache.dart:309:12)
#9      FlutterEngine.updateInner (package:flutter_tools/src/cache.dart:489:13)
<asynchronous suspension>
#10     CachedArtifact.update (package:flutter_tools/src/cache.dart:252:11)
<asynchronous suspension>
#11     Cache.updateAll (package:flutter_tools/src/cache.dart:208:26)
<asynchronous suspension>
#12     FlutterCommand.verifyThenRunCommand (package:flutter_tools/src/runner/flutter_command.dart:355:19)
<asynchronous suspension>
#13     FlutterCommand.run.<anonymous closure> (package:flutter_tools/src/runner/flutter_command.dart:306:33)
<asynchronous suspension>
#14     AppContext.run.<anonymous closure> (package:flutter_tools/src/base/context.dart:142:29)
<asynchronous suspension>
#15     _rootRun (dart:async/zone.dart:1124:13)
#16     _CustomZone.run (dart:async/zone.dart:1021:19)
#17     _runZoned (dart:async/zone.dart:1516:10)
#18     runZoned (dart:async/zone.dart:1463:12)
#19     AppContext.run (package:flutter_tools/src/base/context.dart:141:18)
<asynchronous suspension>
#20     FlutterCommand.run (package:flutter_tools/src/runner/flutter_command.dart:297:20)
#21     CommandRunner.runCommand (package:args/command_runner.dart:194:27)
<asynchronous suspension>
#22     FlutterCommandRunner.runCommand.<anonymous closure> (package:flutter_tools/src/runner/flutter_command_runner.dart:347:21)
<asynchronous suspension>
#23     AppContext.run.<anonymous closure> (package:flutter_tools/src/base/context.dart:142:29)
<asynchronous suspension>
#24     _rootRun (dart:async/zone.dart:1124:13)
#25     _CustomZone.run (dart:async/zone.dart:1021:19)
#26     _runZoned (dart:async/zone.dart:1516:10)
#27     runZoned (dart:async/zone.dart:1463:12)
#28     AppContext.run (package:flutter_tools/src/base/context.dart:141:18)
<asynchronous suspension>
#29     FlutterCommandRunner.runCommand (package:flutter_tools/src/runner/flutter_command_runner.dart:303:19)
<asynchronous suspension>
#30     CommandRunner.run.<anonymous closure> (package:args/command_runner.dart:109:29)
#31     new Future.sync (dart:async/future.dart:224:31)
#32     CommandRunner.run (package:args/command_runner.dart:109:11)
#33     FlutterCommandRunner.run (package:flutter_tools/src/runner/flutter_command_runner.dart:211:18)
#34     run.<anonymous closure> (package:flutter_tools/runner.dart:59:20)
<asynchronous suspension>
#35     AppContext.run.<anonymous closure> (package:flutter_tools/src/base/context.dart:142:29)
<asynchronous suspension>
#36     _rootRun (dart:async/zone.dart:1124:13)
#37     _CustomZone.run (dart:async/zone.dart:1021:19)
#38     _runZoned (dart:async/zone.dart:1516:10)
#39     runZoned (dart:async/zone.dart:1463:12)
#40     AppContext.run (package:flutter_tools/src/base/context.dart:141:18)
<asynchronous suspension>
#41     runInContext (package:flutter_tools/src/context_runner.dart:42:24)
<asynchronous suspension>
#42     run (package:flutter_tools/runner.dart:50:10)
#43     main (package:flutter_tools/executable.dart:52:9)
<asynchronous suspension>
#44     main (file:///home/diego/development/flutter/packages/flutter_tools/bin/flutter_tools.dart:8:3)
#45     _startIsolate.<anonymous closure> (dart:isolate/runtime/libisolate_patch.dart:287:32)
#46     _RawReceivePortImpl._handleMessage (dart:isolate/runtime/libisolate_patch.dart:171:12)
```

## flutter doctor

```
[✓] Flutter (Channel beta, v0.8.2, on Linux, locale pt_BR.UTF-8)
    • Flutter version 0.8.2 at /home/diego/development/flutter
    • Framework revision 5ab9e70727 (13 days ago), 2018-09-07 12:33:05 -0700
    • Engine revision 58a1894a1c
    • Dart version 2.1.0-dev.3.1.flutter-760a9690c2

[✓] Android toolchain - develop for Android devices (Android SDK 27.0.3)
    • Android SDK at /home/diego/Android/Sdk
    • Android NDK location not configured (optional; useful for native profiling support)
    • Platform android-27, build-tools 27.0.3
    • Java binary at: /snap/android-studio/53/android-studio/jre/bin/java
    • Java version OpenJDK Runtime Environment (build 1.8.0_152-release-1024-b01)
    • All Android licenses accepted.

[✓] Android Studio (version 3.1)
    • Android Studio at /snap/android-studio/53/android-studio
    • Flutter plugin version 27.1.1
    • Dart plugin version 173.4700
    • Java version OpenJDK Runtime Environment (build 1.8.0_152-release-1024-b01)

[✓] VS Code (version 1.27.2)
    • VS Code at /usr/share/code
    • Flutter extension version 2.18.0

[✓] Connected devices (1 available)
    • XT1097 • 0016256682 • android-arm • Android 6.0 (API 23)

• No issues found!
```
